[2025-05-10 16:52:34.961]---------------------------------------- [APPLICATION STARTED] ----------------------------------------
[2025-05-10 16:52:34.955] R                                                int main(int, char**)            
<<START RAW>>
Starting Application Code Files to Graph, version: 1.2.1

<<END RAW>>
[2025-05-10 16:52:34.961] I                        ReadStartupJson::ReadStartupJson(const char*)            using json file 'startup_cpp.json' selected by user
[2025-05-10 16:52:34.970] I                     void ReadStartupJson::readVariables(const json&)            all keys readed correctly
[2025-05-10 16:52:34.976] I                        ReadStartupJson::ReadStartupJson(const char*)            startup json loaded
[2025-05-10 16:52:35.202] R                                        void Program::readDirectory()            
<<START RAW>>
Skipped files:

<<END RAW>>
[2025-05-10 16:52:35.204] R                                        void Program::readDirectory()            
<<START RAW>>
"*" - 2522

<<END RAW>>
[2025-05-10 16:52:35.205] R                                        void Program::readDirectory()            
<<START RAW>>
"*.7z" - 1

<<END RAW>>
[2025-05-10 16:52:35.205] R                                        void Program::readDirectory()            
<<START RAW>>
"*.bat" - 1

<<END RAW>>
[2025-05-10 16:52:35.206] R                                        void Program::readDirectory()            
<<START RAW>>
"*.dll" - 62

<<END RAW>>
[2025-05-10 16:52:35.207] R                                        void Program::readDirectory()            
<<START RAW>>
"*.dot" - 1

<<END RAW>>
[2025-05-10 16:52:35.207] R                                        void Program::readDirectory()            
<<START RAW>>
"*.exe" - 37

<<END RAW>>
[2025-05-10 16:52:35.209] R                                        void Program::readDirectory()            
<<START RAW>>
"*.idx" - 2

<<END RAW>>
[2025-05-10 16:52:35.210] R                                        void Program::readDirectory()            
<<START RAW>>
"*.json" - 3

<<END RAW>>
[2025-05-10 16:52:35.211] R                                        void Program::readDirectory()            
<<START RAW>>
"*.log" - 39

<<END RAW>>
[2025-05-10 16:52:35.211] R                                        void Program::readDirectory()            
<<START RAW>>
"*.md" - 1

<<END RAW>>
[2025-05-10 16:52:35.212] R                                        void Program::readDirectory()            
<<START RAW>>
"*.pack" - 2

<<END RAW>>
[2025-05-10 16:52:35.213] R                                        void Program::readDirectory()            
<<START RAW>>
"*.png" - 5

<<END RAW>>
[2025-05-10 16:52:35.213] R                                        void Program::readDirectory()            
<<START RAW>>
"*.psd" - 1

<<END RAW>>
[2025-05-10 16:52:35.214] R                                        void Program::readDirectory()            
<<START RAW>>
"*.qml" - 30

<<END RAW>>
[2025-05-10 16:52:35.215] R                                        void Program::readDirectory()            
<<START RAW>>
"*.rev" - 2

<<END RAW>>
[2025-05-10 16:52:35.215] R                                        void Program::readDirectory()            
<<START RAW>>
"*.sample" - 14

<<END RAW>>
[2025-05-10 16:52:35.216] R                                        void Program::readDirectory()            
<<START RAW>>
"*.sh" - 1

<<END RAW>>
[2025-05-10 16:52:35.217] R                                        void Program::readDirectory()            
<<START RAW>>
"*.txt" - 2

<<END RAW>>
[2025-05-10 16:52:35.217] R                                        void Program::readDirectory()            
<<START RAW>>
"*.user" - 1

<<END RAW>>
[2025-05-10 16:52:35.218] R                                        void Program::readDirectory()            
<<START RAW>>
"build/" - 1

<<END RAW>>
[2025-05-10 16:52:35.219] R                                        void Program::readDirectory()            
<<START RAW>>
Accepted files:

<<END RAW>>
[2025-05-10 16:52:35.219] R                                        void Program::readDirectory()            
<<START RAW>>
cpp\Backend.cpp

<<END RAW>>
[2025-05-10 16:52:35.220] R                                        void Program::readDirectory()            
<<START RAW>>
cpp\Backend.h

<<END RAW>>
[2025-05-10 16:52:35.221] R                                        void Program::readDirectory()            
<<START RAW>>
cpp\DebugConstraints.h

<<END RAW>>
[2025-05-10 16:52:35.223] R                                        void Program::readDirectory()            
<<START RAW>>
cpp\DoubleStartProtection.cpp

<<END RAW>>
[2025-05-10 16:52:35.225] R                                        void Program::readDirectory()            
<<START RAW>>
cpp\DoubleStartProtection.h

<<END RAW>>
[2025-05-10 16:52:35.227] R                                        void Program::readDirectory()            
<<START RAW>>
cpp\Login.cpp

<<END RAW>>
[2025-05-10 16:52:35.228] R                                        void Program::readDirectory()            
<<START RAW>>
cpp\Login.h

<<END RAW>>
[2025-05-10 16:52:35.228] R                                        void Program::readDirectory()            
<<START RAW>>
cpp\main.cpp

<<END RAW>>
[2025-05-10 16:52:35.229] R                                        void Program::readDirectory()            
<<START RAW>>
cpp\Serializable.cpp

<<END RAW>>
[2025-05-10 16:52:35.230] R                                        void Program::readDirectory()            
<<START RAW>>
cpp\Serializable.h

<<END RAW>>
[2025-05-10 16:52:35.231] R                                        void Program::readDirectory()            
<<START RAW>>
cpp\SingletonManager.cpp

<<END RAW>>
[2025-05-10 16:52:35.232] R                                        void Program::readDirectory()            
<<START RAW>>
cpp\SingletonManager.h

<<END RAW>>
[2025-05-10 16:52:35.234] R                                        void Program::readDirectory()            
<<START RAW>>
cpp\enums\AgeGroupEnum.cpp

<<END RAW>>
[2025-05-10 16:52:35.235] R                                        void Program::readDirectory()            
<<START RAW>>
cpp\enums\AgeGroupEnum.h

<<END RAW>>
[2025-05-10 16:52:35.236] R                                        void Program::readDirectory()            
<<START RAW>>
cpp\enums\GenderEnum.cpp

<<END RAW>>
[2025-05-10 16:52:35.238] R                                        void Program::readDirectory()            
<<START RAW>>
cpp\enums\GenderEnum.h

<<END RAW>>
[2025-05-10 16:52:35.239] R                                        void Program::readDirectory()            
<<START RAW>>
cpp\enums\PhaseEnum.cpp

<<END RAW>>
[2025-05-10 16:52:35.240] R                                        void Program::readDirectory()            
<<START RAW>>
cpp\enums\PhaseEnum.h

<<END RAW>>
[2025-05-10 16:52:35.242] R                                        void Program::readDirectory()            
<<START RAW>>
cpp\enums\RoundStageEnum.cpp

<<END RAW>>
[2025-05-10 16:52:35.243] R                                        void Program::readDirectory()            
<<START RAW>>
cpp\enums\RoundStageEnum.h

<<END RAW>>
[2025-05-10 16:52:35.245] R                                        void Program::readDirectory()            
<<START RAW>>
cpp\enums\StageEnum.cpp

<<END RAW>>
[2025-05-10 16:52:35.246] R                                        void Program::readDirectory()            
<<START RAW>>
cpp\enums\StageEnum.h

<<END RAW>>
[2025-05-10 16:52:35.247] R                                        void Program::readDirectory()            
<<START RAW>>
cpp\objects\Event.cpp

<<END RAW>>
[2025-05-10 16:52:35.248] R                                        void Program::readDirectory()            
<<START RAW>>
cpp\objects\Event.h

<<END RAW>>
[2025-05-10 16:52:35.249] R                                        void Program::readDirectory()            
<<START RAW>>
cpp\objects\GroupMatch.cpp

<<END RAW>>
[2025-05-10 16:52:35.251] R                                        void Program::readDirectory()            
<<START RAW>>
cpp\objects\GroupMatch.h

<<END RAW>>
[2025-05-10 16:52:35.252] R                                        void Program::readDirectory()            
<<START RAW>>
cpp\objects\GroupSelection.cpp

<<END RAW>>
[2025-05-10 16:52:35.254] R                                        void Program::readDirectory()            
<<START RAW>>
cpp\objects\GroupSelection.h

<<END RAW>>
[2025-05-10 16:52:35.255] R                                        void Program::readDirectory()            
<<START RAW>>
cpp\objects\Match.cpp

<<END RAW>>
[2025-05-10 16:52:35.257] R                                        void Program::readDirectory()            
<<START RAW>>
cpp\objects\Match.h

<<END RAW>>
[2025-05-10 16:52:35.258] R                                        void Program::readDirectory()            
<<START RAW>>
cpp\objects\MatchDublets.cpp

<<END RAW>>
[2025-05-10 16:52:35.259] R                                        void Program::readDirectory()            
<<START RAW>>
cpp\objects\MatchDublets.h

<<END RAW>>
[2025-05-10 16:52:35.261] R                                        void Program::readDirectory()            
<<START RAW>>
cpp\objects\MatchSingiels.cpp

<<END RAW>>
[2025-05-10 16:52:35.262] R                                        void Program::readDirectory()            
<<START RAW>>
cpp\objects\MatchSingiels.h

<<END RAW>>
[2025-05-10 16:52:35.264] R                                        void Program::readDirectory()            
<<START RAW>>
cpp\objects\MatchTriplets.cpp

<<END RAW>>
[2025-05-10 16:52:35.265] R                                        void Program::readDirectory()            
<<START RAW>>
cpp\objects\MatchTriplets.h

<<END RAW>>
[2025-05-10 16:52:35.267] R                                        void Program::readDirectory()            
<<START RAW>>
cpp\objects\MatchTypeBase.cpp

<<END RAW>>
[2025-05-10 16:52:35.268] R                                        void Program::readDirectory()            
<<START RAW>>
cpp\objects\MatchTypeBase.h

<<END RAW>>
[2025-05-10 16:52:35.270] R                                        void Program::readDirectory()            
<<START RAW>>
cpp\objects\Phase.cpp

<<END RAW>>
[2025-05-10 16:52:35.271] R                                        void Program::readDirectory()            
<<START RAW>>
cpp\objects\Phase.h

<<END RAW>>
[2025-05-10 16:52:35.272] R                                        void Program::readDirectory()            
<<START RAW>>
cpp\objects\Player.cpp

<<END RAW>>
[2025-05-10 16:52:35.273] R                                        void Program::readDirectory()            
<<START RAW>>
cpp\objects\Player.h

<<END RAW>>
[2025-05-10 16:52:35.275] R                                        void Program::readDirectory()            
<<START RAW>>
cpp\objects\Round.cpp

<<END RAW>>
[2025-05-10 16:52:35.276] R                                        void Program::readDirectory()            
<<START RAW>>
cpp\objects\Round.h

<<END RAW>>
[2025-05-10 16:52:35.277] R                                        void Program::readDirectory()            
<<START RAW>>
cpp\objects\SubPhase.cpp

<<END RAW>>
[2025-05-10 16:52:35.278] R                                        void Program::readDirectory()            
<<START RAW>>
cpp\objects\SubPhase.h

<<END RAW>>
[2025-05-10 16:52:35.280] R                                        void Program::readDirectory()            
<<START RAW>>
cpp\objects\Team.cpp

<<END RAW>>
[2025-05-10 16:52:35.281] R                                        void Program::readDirectory()            
<<START RAW>>
cpp\objects\Team.h

<<END RAW>>
[2025-05-10 16:52:35.282] R                                        void Program::readDirectory()            
<<START RAW>>
cpp\storages\DefaultPersonalizationData.cpp

<<END RAW>>
[2025-05-10 16:52:35.284] R                                        void Program::readDirectory()            
<<START RAW>>
cpp\storages\DefaultPersonalizationData.h

<<END RAW>>
[2025-05-10 16:52:35.286] R                                        void Program::readDirectory()            
<<START RAW>>
cpp\storages\Memory.cpp

<<END RAW>>
[2025-05-10 16:52:35.287] R                                        void Program::readDirectory()            
<<START RAW>>
cpp\storages\Memory.h

<<END RAW>>
[2025-05-10 16:52:35.288] R                                        void Program::readDirectory()            
<<START RAW>>
cpp\storages\Personalization.cpp

<<END RAW>>
[2025-05-10 16:52:35.290] R                                        void Program::readDirectory()            
<<START RAW>>
cpp\storages\Personalization.h

<<END RAW>>
[2025-05-10 16:52:35.293] R                                        void Program::readDirectory()            
<<START RAW>>
cpp\support\Log.cpp

<<END RAW>>
[2025-05-10 16:52:35.294] R                                        void Program::readDirectory()            
<<START RAW>>
cpp\support\Log.h

<<END RAW>>
[2025-05-10 16:52:35.295] R                                        void Program::readDirectory()            
<<START RAW>>
cpp\support\LogQML.cpp

<<END RAW>>
[2025-05-10 16:52:35.296] R                                        void Program::readDirectory()            
<<START RAW>>
cpp\support\LogQML.h

<<END RAW>>
[2025-05-10 16:52:35.297] R                                        void Program::readDirectory()            
<<START RAW>>
cpp\support\LogSession.cpp

<<END RAW>>
[2025-05-10 16:52:35.299] R                                        void Program::readDirectory()            
<<START RAW>>
cpp\support\LogSession.h

<<END RAW>>
[2025-05-10 16:52:35.300] R                                        void Program::readDirectory()            
<<START RAW>>
cpp\support\LogSessionPart.cpp

<<END RAW>>
[2025-05-10 16:52:35.302] R                                        void Program::readDirectory()            
<<START RAW>>
cpp\support\LogSessionPart.h

<<END RAW>>
[2025-05-10 16:52:35.336] I                            void Program::findRelationsBetweenFiles()            created relations between files
[2025-05-10 16:52:36.238] I                                        void Program::startGraphviz()            graphviz executed successfully
