[2025-05-10 16:08:37.312]---------------------------------------- [APPLICATION STARTED] ----------------------------------------
[2025-05-10 16:08:37.305] I                                                int main(int, char**)            started
[2025-05-10 16:08:37.312] I                        ReadStartupJson::ReadStartupJson(const char*)            using json file 'startup_qml.json' selected by user
[2025-05-10 16:08:37.320] I                     void ReadStartupJson::readVariables(const json&)            all keys readed correctly
[2025-05-10 16:08:37.325] I                        ReadStartupJson::ReadStartupJson(const char*)            startup json loaded
[2025-05-10 16:08:37.561] R                                        void Program::readDirectory()            
<<START RAW>>
Skipped files:

<<END RAW>>
[2025-05-10 16:08:37.562] R                                        void Program::readDirectory()            
<<START RAW>>
"*" - 2384

<<END RAW>>
[2025-05-10 16:08:37.563] R                                        void Program::readDirectory()            
<<START RAW>>
"*.7z" - 1

<<END RAW>>
[2025-05-10 16:08:37.564] R                                        void Program::readDirectory()            
<<START RAW>>
"*.bat" - 1

<<END RAW>>
[2025-05-10 16:08:37.565] R                                        void Program::readDirectory()            
<<START RAW>>
"*.cpp" - 31

<<END RAW>>
[2025-05-10 16:08:37.566] R                                        void Program::readDirectory()            
<<START RAW>>
"*.dll" - 62

<<END RAW>>
[2025-05-10 16:08:37.567] R                                        void Program::readDirectory()            
<<START RAW>>
"*.dot" - 1

<<END RAW>>
[2025-05-10 16:08:37.568] R                                        void Program::readDirectory()            
<<START RAW>>
"*.exe" - 37

<<END RAW>>
[2025-05-10 16:08:37.569] R                                        void Program::readDirectory()            
<<START RAW>>
"*.h" - 31

<<END RAW>>
[2025-05-10 16:08:37.570] R                                        void Program::readDirectory()            
<<START RAW>>
"*.idx" - 2

<<END RAW>>
[2025-05-10 16:08:37.570] R                                        void Program::readDirectory()            
<<START RAW>>
"*.json" - 3

<<END RAW>>
[2025-05-10 16:08:37.571] R                                        void Program::readDirectory()            
<<START RAW>>
"*.log" - 29

<<END RAW>>
[2025-05-10 16:08:37.572] R                                        void Program::readDirectory()            
<<START RAW>>
"*.md" - 1

<<END RAW>>
[2025-05-10 16:08:37.572] R                                        void Program::readDirectory()            
<<START RAW>>
"*.pack" - 2

<<END RAW>>
[2025-05-10 16:08:37.573] R                                        void Program::readDirectory()            
<<START RAW>>
"*.png" - 5

<<END RAW>>
[2025-05-10 16:08:37.574] R                                        void Program::readDirectory()            
<<START RAW>>
"*.psd" - 1

<<END RAW>>
[2025-05-10 16:08:37.574] R                                        void Program::readDirectory()            
<<START RAW>>
"*.rev" - 2

<<END RAW>>
[2025-05-10 16:08:37.575] R                                        void Program::readDirectory()            
<<START RAW>>
"*.sample" - 14

<<END RAW>>
[2025-05-10 16:08:37.576] R                                        void Program::readDirectory()            
<<START RAW>>
"*.sh" - 1

<<END RAW>>
[2025-05-10 16:08:37.576] R                                        void Program::readDirectory()            
<<START RAW>>
"*.txt" - 2

<<END RAW>>
[2025-05-10 16:08:37.577] R                                        void Program::readDirectory()            
<<START RAW>>
"*.user" - 1

<<END RAW>>
[2025-05-10 16:08:37.577] R                                        void Program::readDirectory()            
<<START RAW>>
"build/" - 1

<<END RAW>>
[2025-05-10 16:08:37.578] R                                        void Program::readDirectory()            
<<START RAW>>
Accepted files:

<<END RAW>>
[2025-05-10 16:08:37.579] R                                        void Program::readDirectory()            
<<START RAW>>
qml\AppAlreadyRunning.qml

<<END RAW>>
[2025-05-10 16:08:37.580] R                                        void Program::readDirectory()            
<<START RAW>>
qml\ErrorPage.qml

<<END RAW>>
[2025-05-10 16:08:37.581] R                                        void Program::readDirectory()            
<<START RAW>>
qml\Gameplay.qml

<<END RAW>>
[2025-05-10 16:08:37.582] R                                        void Program::readDirectory()            
<<START RAW>>
qml\LoginForm.qml

<<END RAW>>
[2025-05-10 16:08:37.584] R                                        void Program::readDirectory()            
<<START RAW>>
qml\Main.qml

<<END RAW>>
[2025-05-10 16:08:37.584] R                                        void Program::readDirectory()            
<<START RAW>>
qml\Gameplay\Configure.qml

<<END RAW>>
[2025-05-10 16:08:37.586] R                                        void Program::readDirectory()            
<<START RAW>>
qml\Gameplay\Finish.qml

<<END RAW>>
[2025-05-10 16:08:37.587] R                                        void Program::readDirectory()            
<<START RAW>>
qml\Gameplay\Play.qml

<<END RAW>>
[2025-05-10 16:08:37.588] R                                        void Program::readDirectory()            
<<START RAW>>
qml\Gameplay\Settings.qml

<<END RAW>>
[2025-05-10 16:08:37.589] R                                        void Program::readDirectory()            
<<START RAW>>
qml\Gameplay\Configure\Event.qml

<<END RAW>>
[2025-05-10 16:08:37.591] R                                        void Program::readDirectory()            
<<START RAW>>
qml\Gameplay\Configure\InfoField.qml

<<END RAW>>
[2025-05-10 16:08:37.593] R                                        void Program::readDirectory()            
<<START RAW>>
qml\Gameplay\Configure\Player.qml

<<END RAW>>
[2025-05-10 16:08:37.594] R                                        void Program::readDirectory()            
<<START RAW>>
qml\Gameplay\Configure\PlayerDelegate.qml

<<END RAW>>
[2025-05-10 16:08:37.597] R                                        void Program::readDirectory()            
<<START RAW>>
qml\Gameplay\Configure\Team.qml

<<END RAW>>
[2025-05-10 16:08:37.599] R                                        void Program::readDirectory()            
<<START RAW>>
qml\Gameplay\Configure\TeamDelegate.qml

<<END RAW>>
[2025-05-10 16:08:37.602] R                                        void Program::readDirectory()            
<<START RAW>>
qml\Gameplay\Configure\TeamsList.qml

<<END RAW>>
[2025-05-10 16:08:37.604] R                                        void Program::readDirectory()            
<<START RAW>>
qml\Gameplay\Play\Match.qml

<<END RAW>>
[2025-05-10 16:08:37.605] R                                        void Program::readDirectory()            
<<START RAW>>
qml\Gameplay\Play\Matches.qml

<<END RAW>>
[2025-05-10 16:08:37.607] R                                        void Program::readDirectory()            
<<START RAW>>
qml\Gameplay\Play\Phase.qml

<<END RAW>>
[2025-05-10 16:08:37.608] R                                        void Program::readDirectory()            
<<START RAW>>
qml\Gameplay\Play\RoundSummary.qml

<<END RAW>>
[2025-05-10 16:08:37.610] R                                        void Program::readDirectory()            
<<START RAW>>
qml\Gameplay\Play\SubPhase.qml

<<END RAW>>
[2025-05-10 16:08:37.611] R                                        void Program::readDirectory()            
<<START RAW>>
qml\Gameplay\Play\Match\GroupMatch.qml

<<END RAW>>
[2025-05-10 16:08:37.613] R                                        void Program::readDirectory()            
<<START RAW>>
qml\Gameplay\Play\Match\GroupSelection.qml

<<END RAW>>
[2025-05-10 16:08:37.615] R                                        void Program::readDirectory()            
<<START RAW>>
qml\Gameplay\Play\Match\MatchType\MatchHalf.qml

<<END RAW>>
[2025-05-10 16:08:37.618] R                                        void Program::readDirectory()            
<<START RAW>>
qml\Gameplay\Play\Match\MatchType\SelectionHalf.qml

<<END RAW>>
[2025-05-10 16:08:37.621] R                                        void Program::readDirectory()            
<<START RAW>>
qml\Gameplay\Play\RoundSummary\Ranking.qml

<<END RAW>>
[2025-05-10 16:08:37.623] R                                        void Program::readDirectory()            
<<START RAW>>
qml\Gameplay\Play\RoundSummary\Summary.qml

<<END RAW>>
[2025-05-10 16:08:37.625] R                                        void Program::readDirectory()            
<<START RAW>>
qml\Popups\AskPopup.qml

<<END RAW>>
[2025-05-10 16:08:37.626] R                                        void Program::readDirectory()            
<<START RAW>>
qml\Popups\ConfirmNextPopup.qml

<<END RAW>>
[2025-05-10 16:08:37.628] R                                        void Program::readDirectory()            
<<START RAW>>
qml\Popups\InfoPopup.qml

<<END RAW>>
[2025-05-10 16:08:37.635] I                            void Program::findRelationsBetweenFiles()            created relations between files
[2025-05-10 16:08:38.192] I                                        void Program::startGraphviz()            graphviz executed successfully
