[2025-05-10 15:59:26.409]---------------------------------------- [APPLICATION STARTED] ----------------------------------------
[2025-05-10 15:59:26.402] I                                                int main(int, char**)            started
[2025-05-10 15:59:26.409] I                        ReadStartupJson::ReadStartupJson(const char*)            using json file 'startup_cpp-trimmed.json' selected by user
[2025-05-10 15:59:26.427] I                     void ReadStartupJson::readVariables(const json&)            all keys readed correctly
[2025-05-10 15:59:26.433] I                        ReadStartupJson::ReadStartupJson(const char*)            startup json loaded
[2025-05-10 15:59:26.849] R                                        void Program::readDirectory()            
<<START RAW>>
Skipped files:

<<END RAW>>
[2025-05-10 15:59:26.851] R                                        void Program::readDirectory()            
<<START RAW>>
"*" - 2392

<<END RAW>>
[2025-05-10 15:59:26.852] R                                        void Program::readDirectory()            
<<START RAW>>
"*.7z" - 1

<<END RAW>>
[2025-05-10 15:59:26.853] R                                        void Program::readDirectory()            
<<START RAW>>
"*.a" - 1

<<END RAW>>
[2025-05-10 15:59:26.853] R                                        void Program::readDirectory()            
<<START RAW>>
"*.bat" - 1

<<END RAW>>
[2025-05-10 15:59:26.854] R                                        void Program::readDirectory()            
<<START RAW>>
"*.bin" - 3

<<END RAW>>
[2025-05-10 15:59:26.855] R                                        void Program::readDirectory()            
<<START RAW>>
"*.check_cache" - 1

<<END RAW>>
[2025-05-10 15:59:26.856] R                                        void Program::readDirectory()            
<<START RAW>>
"*.cmake" - 20

<<END RAW>>
[2025-05-10 15:59:26.857] R                                        void Program::readDirectory()            
<<START RAW>>
"*.conan" - 1

<<END RAW>>
[2025-05-10 15:59:26.858] R                                        void Program::readDirectory()            
<<START RAW>>
"*.d" - 27

<<END RAW>>
[2025-05-10 15:59:26.859] R                                        void Program::readDirectory()            
<<START RAW>>
"*.dll" - 62

<<END RAW>>
[2025-05-10 15:59:26.860] R                                        void Program::readDirectory()            
<<START RAW>>
"*.dot" - 1

<<END RAW>>
[2025-05-10 15:59:26.861] R                                        void Program::readDirectory()            
<<START RAW>>
"*.exe" - 41

<<END RAW>>
[2025-05-10 15:59:26.862] R                                        void Program::readDirectory()            
<<START RAW>>
"*.gen" - 1

<<END RAW>>
[2025-05-10 15:59:26.862] R                                        void Program::readDirectory()            
<<START RAW>>
"*.idx" - 1657

<<END RAW>>
[2025-05-10 15:59:26.863] R                                        void Program::readDirectory()            
<<START RAW>>
"*.json" - 72

<<END RAW>>
[2025-05-10 15:59:26.864] R                                        void Program::readDirectory()            
<<START RAW>>
"*.log" - 23

<<END RAW>>
[2025-05-10 15:59:26.865] R                                        void Program::readDirectory()            
<<START RAW>>
"*.md" - 1

<<END RAW>>
[2025-05-10 15:59:26.865] R                                        void Program::readDirectory()            
<<START RAW>>
"*.ninja" - 2

<<END RAW>>
[2025-05-10 15:59:26.866] R                                        void Program::readDirectory()            
<<START RAW>>
"*.obj" - 80

<<END RAW>>
[2025-05-10 15:59:26.867] R                                        void Program::readDirectory()            
<<START RAW>>
"*.pack" - 2

<<END RAW>>
[2025-05-10 15:59:26.868] R                                        void Program::readDirectory()            
<<START RAW>>
"*.png" - 4

<<END RAW>>
[2025-05-10 15:59:26.869] R                                        void Program::readDirectory()            
<<START RAW>>
"*.prev" - 1

<<END RAW>>
[2025-05-10 15:59:26.870] R                                        void Program::readDirectory()            
<<START RAW>>
"*.psd" - 1

<<END RAW>>
[2025-05-10 15:59:26.871] R                                        void Program::readDirectory()            
<<START RAW>>
"*.qml" - 109

<<END RAW>>
[2025-05-10 15:59:26.872] R                                        void Program::readDirectory()            
<<START RAW>>
"*.qmltypes" - 2

<<END RAW>>
[2025-05-10 15:59:26.874] R                                        void Program::readDirectory()            
<<START RAW>>
"*.qrc" - 3

<<END RAW>>
[2025-05-10 15:59:26.875] R                                        void Program::readDirectory()            
<<START RAW>>
"*.rev" - 2

<<END RAW>>
[2025-05-10 15:59:26.875] R                                        void Program::readDirectory()            
<<START RAW>>
"*.rsp" - 6

<<END RAW>>
[2025-05-10 15:59:26.876] R                                        void Program::readDirectory()            
<<START RAW>>
"*.sample" - 14

<<END RAW>>
[2025-05-10 15:59:26.877] R                                        void Program::readDirectory()            
<<START RAW>>
"*.sh" - 1

<<END RAW>>
[2025-05-10 15:59:26.877] R                                        void Program::readDirectory()            
<<START RAW>>
"*.timestamp" - 1

<<END RAW>>
[2025-05-10 15:59:26.878] R                                        void Program::readDirectory()            
<<START RAW>>
"*.txt" - 8

<<END RAW>>
[2025-05-10 15:59:26.879] R                                        void Program::readDirectory()            
<<START RAW>>
"*.user" - 1

<<END RAW>>
[2025-05-10 15:59:26.880] R                                        void Program::readDirectory()            
<<START RAW>>
"*.yaml" - 1

<<END RAW>>
[2025-05-10 15:59:26.880] R                                        void Program::readDirectory()            
<<START RAW>>
"build\Desktop_Qt_6_7_3_MinGW_64_bit-Debug\CMakeFiles\appPetanqueTeam.dir\cpp\enums/" - 1

<<END RAW>>
[2025-05-10 15:59:26.886] R                                        void Program::readDirectory()            
<<START RAW>>
"build\Desktop_Qt_6_7_3_MinGW_64_bit-Debug\CMakeFiles\appPetanqueTeam.dir\cpp\support/" - 1

<<END RAW>>
[2025-05-10 15:59:26.891] R                                        void Program::readDirectory()            
<<START RAW>>
"build\Desktop_Qt_6_7_3_MinGW_64_bit-Debug\CMakeFiles\appPetanqueTeam.dir\source\cpp\enums/" - 1

<<END RAW>>
[2025-05-10 15:59:26.896] R                                        void Program::readDirectory()            
<<START RAW>>
"build\Desktop_Qt_6_7_3_MinGW_64_bit-Debug\CMakeFiles\appPetanqueTeam.dir\source\cpp\support/" - 1

<<END RAW>>
[2025-05-10 15:59:26.902] R                                        void Program::readDirectory()            
<<START RAW>>
"cpp\DebugConstraints.h" - 1

<<END RAW>>
[2025-05-10 15:59:26.904] R                                        void Program::readDirectory()            
<<START RAW>>
"cpp\Serializable.cpp" - 1

<<END RAW>>
[2025-05-10 15:59:26.905] R                                        void Program::readDirectory()            
<<START RAW>>
"cpp\Serializable.h" - 1

<<END RAW>>
[2025-05-10 15:59:26.906] R                                        void Program::readDirectory()            
<<START RAW>>
"cpp\enums/" - 1

<<END RAW>>
[2025-05-10 15:59:26.907] R                                        void Program::readDirectory()            
<<START RAW>>
"cpp\storages\DefaultPersonalizationData.cpp" - 1

<<END RAW>>
[2025-05-10 15:59:26.910] R                                        void Program::readDirectory()            
<<START RAW>>
"cpp\storages\DefaultPersonalizationData.h" - 1

<<END RAW>>
[2025-05-10 15:59:26.912] R                                        void Program::readDirectory()            
<<START RAW>>
"cpp\storages\Personalization.cpp" - 1

<<END RAW>>
[2025-05-10 15:59:26.914] R                                        void Program::readDirectory()            
<<START RAW>>
"cpp\storages\Personalization.h" - 1

<<END RAW>>
[2025-05-10 15:59:26.916] R                                        void Program::readDirectory()            
<<START RAW>>
"cpp\support/" - 1

<<END RAW>>
[2025-05-10 15:59:26.918] R                                        void Program::readDirectory()            
<<START RAW>>
Accepted files:

<<END RAW>>
[2025-05-10 15:59:26.919] R                                        void Program::readDirectory()            
<<START RAW>>
build\Desktop_Qt_6_7_3_MinGW_64_bit-Debug\apppetanqueteam_qmltyperegistrations.cpp

<<END RAW>>
[2025-05-10 15:59:26.925] R                                        void Program::readDirectory()            
<<START RAW>>
build\Desktop_Qt_6_7_3_MinGW_64_bit-Debug\.qt\rcc\qrc_appPetanqueTeam_raw_qml_0.cpp

<<END RAW>>
[2025-05-10 15:59:26.929] R                                        void Program::readDirectory()            
<<START RAW>>
build\Desktop_Qt_6_7_3_MinGW_64_bit-Debug\.qt\rcc\qrc_qmake_PetanqueTeam.cpp

<<END RAW>>
[2025-05-10 15:59:26.933] R                                        void Program::readDirectory()            
<<START RAW>>
build\Desktop_Qt_6_7_3_MinGW_64_bit-Debug\.rcc\qmlcache\appPetanqueTeam_qmlcache_loader.cpp

<<END RAW>>
[2025-05-10 15:59:26.940] R                                        void Program::readDirectory()            
<<START RAW>>
build\Desktop_Qt_6_7_3_MinGW_64_bit-Debug\.rcc\qmlcache\appPetanqueTeam_qml\AppAlreadyRunning_qml.cpp

<<END RAW>>
[2025-05-10 15:59:26.945] R                                        void Program::readDirectory()            
<<START RAW>>
build\Desktop_Qt_6_7_3_MinGW_64_bit-Debug\.rcc\qmlcache\appPetanqueTeam_qml\ErrorPage_qml.cpp

<<END RAW>>
[2025-05-10 15:59:26.950] R                                        void Program::readDirectory()            
<<START RAW>>
build\Desktop_Qt_6_7_3_MinGW_64_bit-Debug\.rcc\qmlcache\appPetanqueTeam_qml\Gameplay_qml.cpp

<<END RAW>>
[2025-05-10 15:59:26.956] R                                        void Program::readDirectory()            
<<START RAW>>
build\Desktop_Qt_6_7_3_MinGW_64_bit-Debug\.rcc\qmlcache\appPetanqueTeam_qml\LoginForm_qml.cpp

<<END RAW>>
[2025-05-10 15:59:26.961] R                                        void Program::readDirectory()            
<<START RAW>>
build\Desktop_Qt_6_7_3_MinGW_64_bit-Debug\.rcc\qmlcache\appPetanqueTeam_qml\Main_qml.cpp

<<END RAW>>
[2025-05-10 15:59:26.966] R                                        void Program::readDirectory()            
<<START RAW>>
build\Desktop_Qt_6_7_3_MinGW_64_bit-Debug\.rcc\qmlcache\appPetanqueTeam_qml\Popups_qml.cpp

<<END RAW>>
[2025-05-10 15:59:26.972] R                                        void Program::readDirectory()            
<<START RAW>>
build\Desktop_Qt_6_7_3_MinGW_64_bit-Debug\.rcc\qmlcache\appPetanqueTeam_qml\Gameplay\Configure_qml.cpp

<<END RAW>>
[2025-05-10 15:59:26.977] R                                        void Program::readDirectory()            
<<START RAW>>
build\Desktop_Qt_6_7_3_MinGW_64_bit-Debug\.rcc\qmlcache\appPetanqueTeam_qml\Gameplay\Continue_qml.cpp

<<END RAW>>
[2025-05-10 15:59:26.982] R                                        void Program::readDirectory()            
<<START RAW>>
build\Desktop_Qt_6_7_3_MinGW_64_bit-Debug\.rcc\qmlcache\appPetanqueTeam_qml\Gameplay\Finish_qml.cpp

<<END RAW>>
[2025-05-10 15:59:26.989] R                                        void Program::readDirectory()            
<<START RAW>>
build\Desktop_Qt_6_7_3_MinGW_64_bit-Debug\.rcc\qmlcache\appPetanqueTeam_qml\Gameplay\Play_qml.cpp

<<END RAW>>
[2025-05-10 15:59:26.994] R                                        void Program::readDirectory()            
<<START RAW>>
build\Desktop_Qt_6_7_3_MinGW_64_bit-Debug\.rcc\qmlcache\appPetanqueTeam_qml\Gameplay\Settings_qml.cpp

<<END RAW>>
[2025-05-10 15:59:27.001] R                                        void Program::readDirectory()            
<<START RAW>>
build\Desktop_Qt_6_7_3_MinGW_64_bit-Debug\.rcc\qmlcache\appPetanqueTeam_qml\Gameplay\Configure\Event_qml.cpp

<<END RAW>>
[2025-05-10 15:59:27.008] R                                        void Program::readDirectory()            
<<START RAW>>
build\Desktop_Qt_6_7_3_MinGW_64_bit-Debug\.rcc\qmlcache\appPetanqueTeam_qml\Gameplay\Configure\InfoField_qml.cpp

<<END RAW>>
[2025-05-10 15:59:27.014] R                                        void Program::readDirectory()            
<<START RAW>>
build\Desktop_Qt_6_7_3_MinGW_64_bit-Debug\.rcc\qmlcache\appPetanqueTeam_qml\Gameplay\Configure\PlayerDelegate_qml.cpp

<<END RAW>>
[2025-05-10 15:59:27.020] R                                        void Program::readDirectory()            
<<START RAW>>
build\Desktop_Qt_6_7_3_MinGW_64_bit-Debug\.rcc\qmlcache\appPetanqueTeam_qml\Gameplay\Configure\Player_qml.cpp

<<END RAW>>
[2025-05-10 15:59:27.026] R                                        void Program::readDirectory()            
<<START RAW>>
build\Desktop_Qt_6_7_3_MinGW_64_bit-Debug\.rcc\qmlcache\appPetanqueTeam_qml\Gameplay\Configure\TeamDelegate_qml.cpp

<<END RAW>>
[2025-05-10 15:59:27.032] R                                        void Program::readDirectory()            
<<START RAW>>
build\Desktop_Qt_6_7_3_MinGW_64_bit-Debug\.rcc\qmlcache\appPetanqueTeam_qml\Gameplay\Configure\TeamsList_qml.cpp

<<END RAW>>
[2025-05-10 15:59:27.041] R                                        void Program::readDirectory()            
<<START RAW>>
build\Desktop_Qt_6_7_3_MinGW_64_bit-Debug\.rcc\qmlcache\appPetanqueTeam_qml\Gameplay\Configure\Team_qml.cpp

<<END RAW>>
[2025-05-10 15:59:27.046] R                                        void Program::readDirectory()            
<<START RAW>>
build\Desktop_Qt_6_7_3_MinGW_64_bit-Debug\.rcc\qmlcache\appPetanqueTeam_qml\Gameplay\Configure\Event\InfoField_qml.cpp

<<END RAW>>
[2025-05-10 15:59:27.055] R                                        void Program::readDirectory()            
<<START RAW>>
build\Desktop_Qt_6_7_3_MinGW_64_bit-Debug\.rcc\qmlcache\appPetanqueTeam_qml\Gameplay\Configure\Event\TeamsList_qml.cpp

<<END RAW>>
[2025-05-10 15:59:27.061] R                                        void Program::readDirectory()            
<<START RAW>>
build\Desktop_Qt_6_7_3_MinGW_64_bit-Debug\.rcc\qmlcache\appPetanqueTeam_qml\Gameplay\Play\Matches_qml.cpp

<<END RAW>>
[2025-05-10 15:59:27.067] R                                        void Program::readDirectory()            
<<START RAW>>
build\Desktop_Qt_6_7_3_MinGW_64_bit-Debug\.rcc\qmlcache\appPetanqueTeam_qml\Gameplay\Play\Match_qml.cpp

<<END RAW>>
[2025-05-10 15:59:27.073] R                                        void Program::readDirectory()            
<<START RAW>>
build\Desktop_Qt_6_7_3_MinGW_64_bit-Debug\.rcc\qmlcache\appPetanqueTeam_qml\Gameplay\Play\Phase_qml.cpp

<<END RAW>>
[2025-05-10 15:59:27.078] R                                        void Program::readDirectory()            
<<START RAW>>
build\Desktop_Qt_6_7_3_MinGW_64_bit-Debug\.rcc\qmlcache\appPetanqueTeam_qml\Gameplay\Play\RoundSummary_qml.cpp

<<END RAW>>
[2025-05-10 15:59:27.084] R                                        void Program::readDirectory()            
<<START RAW>>
build\Desktop_Qt_6_7_3_MinGW_64_bit-Debug\.rcc\qmlcache\appPetanqueTeam_qml\Gameplay\Play\SubPhase_qml.cpp

<<END RAW>>
[2025-05-10 15:59:27.091] R                                        void Program::readDirectory()            
<<START RAW>>
build\Desktop_Qt_6_7_3_MinGW_64_bit-Debug\.rcc\qmlcache\appPetanqueTeam_qml\Gameplay\Play\Match\DubletsMatch_qml.cpp

<<END RAW>>
[2025-05-10 15:59:27.096] R                                        void Program::readDirectory()            
<<START RAW>>
build\Desktop_Qt_6_7_3_MinGW_64_bit-Debug\.rcc\qmlcache\appPetanqueTeam_qml\Gameplay\Play\Match\DubletsSelection_qml.cpp

<<END RAW>>
[2025-05-10 15:59:27.103] R                                        void Program::readDirectory()            
<<START RAW>>
build\Desktop_Qt_6_7_3_MinGW_64_bit-Debug\.rcc\qmlcache\appPetanqueTeam_qml\Gameplay\Play\Match\GroupMatch_qml.cpp

<<END RAW>>
[2025-05-10 15:59:27.109] R                                        void Program::readDirectory()            
<<START RAW>>
build\Desktop_Qt_6_7_3_MinGW_64_bit-Debug\.rcc\qmlcache\appPetanqueTeam_qml\Gameplay\Play\Match\GroupSelection_qml.cpp

<<END RAW>>
[2025-05-10 15:59:27.116] R                                        void Program::readDirectory()            
<<START RAW>>
build\Desktop_Qt_6_7_3_MinGW_64_bit-Debug\.rcc\qmlcache\appPetanqueTeam_qml\Gameplay\Play\Match\MatchTemplate_qml.cpp

<<END RAW>>
[2025-05-10 15:59:27.123] R                                        void Program::readDirectory()            
<<START RAW>>
build\Desktop_Qt_6_7_3_MinGW_64_bit-Debug\.rcc\qmlcache\appPetanqueTeam_qml\Gameplay\Play\Match\RoundSummaryHalf_qml.cpp

<<END RAW>>
[2025-05-10 15:59:27.129] R                                        void Program::readDirectory()            
<<START RAW>>
build\Desktop_Qt_6_7_3_MinGW_64_bit-Debug\.rcc\qmlcache\appPetanqueTeam_qml\Gameplay\Play\Match\RoundSummary_qml.cpp

<<END RAW>>
[2025-05-10 15:59:27.136] R                                        void Program::readDirectory()            
<<START RAW>>
build\Desktop_Qt_6_7_3_MinGW_64_bit-Debug\.rcc\qmlcache\appPetanqueTeam_qml\Gameplay\Play\Match\SelectionTemplate_qml.cpp

<<END RAW>>
[2025-05-10 15:59:27.143] R                                        void Program::readDirectory()            
<<START RAW>>
build\Desktop_Qt_6_7_3_MinGW_64_bit-Debug\.rcc\qmlcache\appPetanqueTeam_qml\Gameplay\Play\Match\SingielsMatch_qml.cpp

<<END RAW>>
[2025-05-10 15:59:27.149] R                                        void Program::readDirectory()            
<<START RAW>>
build\Desktop_Qt_6_7_3_MinGW_64_bit-Debug\.rcc\qmlcache\appPetanqueTeam_qml\Gameplay\Play\Match\SingielsSelection_qml.cpp

<<END RAW>>
[2025-05-10 15:59:27.158] R                                        void Program::readDirectory()            
<<START RAW>>
build\Desktop_Qt_6_7_3_MinGW_64_bit-Debug\.rcc\qmlcache\appPetanqueTeam_qml\Gameplay\Play\Match\TripletsMatch_qml.cpp

<<END RAW>>
[2025-05-10 15:59:27.164] R                                        void Program::readDirectory()            
<<START RAW>>
build\Desktop_Qt_6_7_3_MinGW_64_bit-Debug\.rcc\qmlcache\appPetanqueTeam_qml\Gameplay\Play\Match\TripletsSelection_qml.cpp

<<END RAW>>
[2025-05-10 15:59:27.172] R                                        void Program::readDirectory()            
<<START RAW>>
build\Desktop_Qt_6_7_3_MinGW_64_bit-Debug\.rcc\qmlcache\appPetanqueTeam_qml\Gameplay\Play\Match\MatchType\GroupMatch_qml.cpp

<<END RAW>>
[2025-05-10 15:59:27.178] R                                        void Program::readDirectory()            
<<START RAW>>
build\Desktop_Qt_6_7_3_MinGW_64_bit-Debug\.rcc\qmlcache\appPetanqueTeam_qml\Gameplay\Play\Match\MatchType\GroupSelection_qml.cpp

<<END RAW>>
[2025-05-10 15:59:27.185] R                                        void Program::readDirectory()            
<<START RAW>>
build\Desktop_Qt_6_7_3_MinGW_64_bit-Debug\.rcc\qmlcache\appPetanqueTeam_qml\Gameplay\Play\Match\MatchType\MatchHalf_qml.cpp

<<END RAW>>
[2025-05-10 15:59:27.192] R                                        void Program::readDirectory()            
<<START RAW>>
build\Desktop_Qt_6_7_3_MinGW_64_bit-Debug\.rcc\qmlcache\appPetanqueTeam_qml\Gameplay\Play\Match\MatchType\Match_qml.cpp

<<END RAW>>
[2025-05-10 15:59:27.198] R                                        void Program::readDirectory()            
<<START RAW>>
build\Desktop_Qt_6_7_3_MinGW_64_bit-Debug\.rcc\qmlcache\appPetanqueTeam_qml\Gameplay\Play\Match\MatchType\SelectionHalf_qml.cpp

<<END RAW>>
[2025-05-10 15:59:27.207] R                                        void Program::readDirectory()            
<<START RAW>>
build\Desktop_Qt_6_7_3_MinGW_64_bit-Debug\.rcc\qmlcache\appPetanqueTeam_qml\Gameplay\Play\Match\MatchType\Selection_qml.cpp

<<END RAW>>
[2025-05-10 15:59:27.213] R                                        void Program::readDirectory()            
<<START RAW>>
build\Desktop_Qt_6_7_3_MinGW_64_bit-Debug\.rcc\qmlcache\appPetanqueTeam_qml\Gameplay\Play\RoundSummary\Ranking_qml.cpp

<<END RAW>>
[2025-05-10 15:59:27.221] R                                        void Program::readDirectory()            
<<START RAW>>
build\Desktop_Qt_6_7_3_MinGW_64_bit-Debug\.rcc\qmlcache\appPetanqueTeam_qml\Gameplay\Play\RoundSummary\Summary_qml.cpp

<<END RAW>>
[2025-05-10 15:59:27.227] R                                        void Program::readDirectory()            
<<START RAW>>
build\Desktop_Qt_6_7_3_MinGW_64_bit-Debug\.rcc\qmlcache\appPetanqueTeam_qml\Popups\AskPopup_qml.cpp

<<END RAW>>
[2025-05-10 15:59:27.232] R                                        void Program::readDirectory()            
<<START RAW>>
build\Desktop_Qt_6_7_3_MinGW_64_bit-Debug\.rcc\qmlcache\appPetanqueTeam_qml\Popups\ConfirmNextPopup_qml.cpp

<<END RAW>>
[2025-05-10 15:59:27.239] R                                        void Program::readDirectory()            
<<START RAW>>
build\Desktop_Qt_6_7_3_MinGW_64_bit-Debug\.rcc\qmlcache\appPetanqueTeam_qml\Popups\InfoPopup_qml.cpp

<<END RAW>>
[2025-05-10 15:59:27.244] R                                        void Program::readDirectory()            
<<START RAW>>
build\Desktop_Qt_6_7_3_MinGW_64_bit-Debug\appPetanqueTeam_autogen\mocs_compilation.cpp

<<END RAW>>
[2025-05-10 15:59:27.249] R                                        void Program::readDirectory()            
<<START RAW>>
build\Desktop_Qt_6_7_3_MinGW_64_bit-Debug\appPetanqueTeam_autogen\moc_predefs.h

<<END RAW>>
[2025-05-10 15:59:27.255] R                                        void Program::readDirectory()            
<<START RAW>>
build\Desktop_Qt_6_7_3_MinGW_64_bit-Debug\appPetanqueTeam_autogen\DPYYCPVWSP\moc_LogQML.cpp

<<END RAW>>
[2025-05-10 15:59:27.260] R                                        void Program::readDirectory()            
<<START RAW>>
build\Desktop_Qt_6_7_3_MinGW_64_bit-Debug\appPetanqueTeam_autogen\DPYYCPVWSP\moc_LogSession.cpp

<<END RAW>>
[2025-05-10 15:59:27.265] R                                        void Program::readDirectory()            
<<START RAW>>
build\Desktop_Qt_6_7_3_MinGW_64_bit-Debug\appPetanqueTeam_autogen\DPYYCPVWSP\moc_LogSessionPart.cpp

<<END RAW>>
[2025-05-10 15:59:27.270] R                                        void Program::readDirectory()            
<<START RAW>>
build\Desktop_Qt_6_7_3_MinGW_64_bit-Debug\appPetanqueTeam_autogen\DPYYCPVWSP\moc_SingleLogSession.cpp

<<END RAW>>
[2025-05-10 15:59:27.276] R                                        void Program::readDirectory()            
<<START RAW>>
build\Desktop_Qt_6_7_3_MinGW_64_bit-Debug\appPetanqueTeam_autogen\R27W3DRJWZ\moc_Event.cpp

<<END RAW>>
[2025-05-10 15:59:27.280] R                                        void Program::readDirectory()            
<<START RAW>>
build\Desktop_Qt_6_7_3_MinGW_64_bit-Debug\appPetanqueTeam_autogen\R27W3DRJWZ\moc_GroupMatch.cpp

<<END RAW>>
[2025-05-10 15:59:27.287] R                                        void Program::readDirectory()            
<<START RAW>>
build\Desktop_Qt_6_7_3_MinGW_64_bit-Debug\appPetanqueTeam_autogen\R27W3DRJWZ\moc_GroupSelection.cpp

<<END RAW>>
[2025-05-10 15:59:27.292] R                                        void Program::readDirectory()            
<<START RAW>>
build\Desktop_Qt_6_7_3_MinGW_64_bit-Debug\appPetanqueTeam_autogen\R27W3DRJWZ\moc_Match.cpp

<<END RAW>>
[2025-05-10 15:59:27.297] R                                        void Program::readDirectory()            
<<START RAW>>
build\Desktop_Qt_6_7_3_MinGW_64_bit-Debug\appPetanqueTeam_autogen\R27W3DRJWZ\moc_MatchDublets.cpp

<<END RAW>>
[2025-05-10 15:59:27.303] R                                        void Program::readDirectory()            
<<START RAW>>
build\Desktop_Qt_6_7_3_MinGW_64_bit-Debug\appPetanqueTeam_autogen\R27W3DRJWZ\moc_MatchSingiels.cpp

<<END RAW>>
[2025-05-10 15:59:27.308] R                                        void Program::readDirectory()            
<<START RAW>>
build\Desktop_Qt_6_7_3_MinGW_64_bit-Debug\appPetanqueTeam_autogen\R27W3DRJWZ\moc_MatchTriplets.cpp

<<END RAW>>
[2025-05-10 15:59:27.314] R                                        void Program::readDirectory()            
<<START RAW>>
build\Desktop_Qt_6_7_3_MinGW_64_bit-Debug\appPetanqueTeam_autogen\R27W3DRJWZ\moc_MatchTypeBase.cpp

<<END RAW>>
[2025-05-10 15:59:27.319] R                                        void Program::readDirectory()            
<<START RAW>>
build\Desktop_Qt_6_7_3_MinGW_64_bit-Debug\appPetanqueTeam_autogen\R27W3DRJWZ\moc_Phase.cpp

<<END RAW>>
[2025-05-10 15:59:27.326] R                                        void Program::readDirectory()            
<<START RAW>>
build\Desktop_Qt_6_7_3_MinGW_64_bit-Debug\appPetanqueTeam_autogen\R27W3DRJWZ\moc_Player.cpp

<<END RAW>>
[2025-05-10 15:59:27.330] R                                        void Program::readDirectory()            
<<START RAW>>
build\Desktop_Qt_6_7_3_MinGW_64_bit-Debug\appPetanqueTeam_autogen\R27W3DRJWZ\moc_Round.cpp

<<END RAW>>
[2025-05-10 15:59:27.335] R                                        void Program::readDirectory()            
<<START RAW>>
build\Desktop_Qt_6_7_3_MinGW_64_bit-Debug\appPetanqueTeam_autogen\R27W3DRJWZ\moc_SubPhase.cpp

<<END RAW>>
[2025-05-10 15:59:27.341] R                                        void Program::readDirectory()            
<<START RAW>>
build\Desktop_Qt_6_7_3_MinGW_64_bit-Debug\appPetanqueTeam_autogen\R27W3DRJWZ\moc_Team.cpp

<<END RAW>>
[2025-05-10 15:59:27.346] R                                        void Program::readDirectory()            
<<START RAW>>
build\Desktop_Qt_6_7_3_MinGW_64_bit-Debug\appPetanqueTeam_autogen\S7U2V37YJM\moc_Memory.cpp

<<END RAW>>
[2025-05-10 15:59:27.350] R                                        void Program::readDirectory()            
<<START RAW>>
build\Desktop_Qt_6_7_3_MinGW_64_bit-Debug\appPetanqueTeam_autogen\S7U2V37YJM\moc_Personalization.cpp

<<END RAW>>
[2025-05-10 15:59:27.357] R                                        void Program::readDirectory()            
<<START RAW>>
build\Desktop_Qt_6_7_3_MinGW_64_bit-Debug\appPetanqueTeam_autogen\SVODSI3R2M\moc_Backend.cpp

<<END RAW>>
[2025-05-10 15:59:27.362] R                                        void Program::readDirectory()            
<<START RAW>>
build\Desktop_Qt_6_7_3_MinGW_64_bit-Debug\appPetanqueTeam_autogen\SVODSI3R2M\moc_DoubleStartProtection.cpp

<<END RAW>>
[2025-05-10 15:59:27.367] R                                        void Program::readDirectory()            
<<START RAW>>
build\Desktop_Qt_6_7_3_MinGW_64_bit-Debug\appPetanqueTeam_autogen\SVODSI3R2M\moc_Event.cpp

<<END RAW>>
[2025-05-10 15:59:27.374] R                                        void Program::readDirectory()            
<<START RAW>>
build\Desktop_Qt_6_7_3_MinGW_64_bit-Debug\appPetanqueTeam_autogen\SVODSI3R2M\moc_Login.cpp

<<END RAW>>
[2025-05-10 15:59:27.379] R                                        void Program::readDirectory()            
<<START RAW>>
build\Desktop_Qt_6_7_3_MinGW_64_bit-Debug\appPetanqueTeam_autogen\SVODSI3R2M\moc_Serializable.cpp

<<END RAW>>
[2025-05-10 15:59:27.383] R                                        void Program::readDirectory()            
<<START RAW>>
build\Desktop_Qt_6_7_3_MinGW_64_bit-Debug\appPetanqueTeam_autogen\V74NPOUUGB\moc_FirstPhase.cpp

<<END RAW>>
[2025-05-10 15:59:27.390] R                                        void Program::readDirectory()            
<<START RAW>>
build\Desktop_Qt_6_7_3_MinGW_64_bit-Debug\appPetanqueTeam_autogen\V74NPOUUGB\moc_Phase.cpp

<<END RAW>>
[2025-05-10 15:59:27.394] R                                        void Program::readDirectory()            
<<START RAW>>
build\Desktop_Qt_6_7_3_MinGW_64_bit-Debug\appPetanqueTeam_autogen\V74NPOUUGB\moc_SecondPhase.cpp

<<END RAW>>
[2025-05-10 15:59:27.399] R                                        void Program::readDirectory()            
<<START RAW>>
build\Desktop_Qt_6_7_3_MinGW_64_bit-Debug\CMakeFiles\3.27.7\CompilerIdCXX\CMakeCXXCompilerId.cpp

<<END RAW>>
[2025-05-10 15:59:27.411] R                                        void Program::readDirectory()            
<<START RAW>>
build\Desktop_Qt_6_7_3_MinGW_64_bit-Debug\CMakeFiles\3.29.3\CompilerIdCXX\CMakeCXXCompilerId.cpp

<<END RAW>>
[2025-05-10 15:59:27.416] R                                        void Program::readDirectory()            
<<START RAW>>
build\Desktop_Qt_6_7_3_MinGW_64_bit-Debug\CMakeFiles\3.30.5\CompilerIdCXX\CMakeCXXCompilerId.cpp

<<END RAW>>
[2025-05-10 15:59:27.423] R                                        void Program::readDirectory()            
<<START RAW>>
cpp\Backend.cpp

<<END RAW>>
[2025-05-10 15:59:27.424] R                                        void Program::readDirectory()            
<<START RAW>>
cpp\Backend.h

<<END RAW>>
[2025-05-10 15:59:27.425] R                                        void Program::readDirectory()            
<<START RAW>>
cpp\DoubleStartProtection.cpp

<<END RAW>>
[2025-05-10 15:59:27.427] R                                        void Program::readDirectory()            
<<START RAW>>
cpp\DoubleStartProtection.h

<<END RAW>>
[2025-05-10 15:59:27.428] R                                        void Program::readDirectory()            
<<START RAW>>
cpp\Login.cpp

<<END RAW>>
[2025-05-10 15:59:27.429] R                                        void Program::readDirectory()            
<<START RAW>>
cpp\Login.h

<<END RAW>>
[2025-05-10 15:59:27.430] R                                        void Program::readDirectory()            
<<START RAW>>
cpp\main.cpp

<<END RAW>>
[2025-05-10 15:59:27.430] R                                        void Program::readDirectory()            
<<START RAW>>
cpp\SingletonManager.cpp

<<END RAW>>
[2025-05-10 15:59:27.432] R                                        void Program::readDirectory()            
<<START RAW>>
cpp\SingletonManager.h

<<END RAW>>
[2025-05-10 15:59:27.433] R                                        void Program::readDirectory()            
<<START RAW>>
cpp\objects\Event.cpp

<<END RAW>>
[2025-05-10 15:59:27.434] R                                        void Program::readDirectory()            
<<START RAW>>
cpp\objects\Event.h

<<END RAW>>
[2025-05-10 15:59:27.436] R                                        void Program::readDirectory()            
<<START RAW>>
cpp\objects\GroupMatch.cpp

<<END RAW>>
[2025-05-10 15:59:27.437] R                                        void Program::readDirectory()            
<<START RAW>>
cpp\objects\GroupMatch.h

<<END RAW>>
[2025-05-10 15:59:27.439] R                                        void Program::readDirectory()            
<<START RAW>>
cpp\objects\GroupSelection.cpp

<<END RAW>>
[2025-05-10 15:59:27.441] R                                        void Program::readDirectory()            
<<START RAW>>
cpp\objects\GroupSelection.h

<<END RAW>>
[2025-05-10 15:59:27.442] R                                        void Program::readDirectory()            
<<START RAW>>
cpp\objects\Match.cpp

<<END RAW>>
[2025-05-10 15:59:27.443] R                                        void Program::readDirectory()            
<<START RAW>>
cpp\objects\Match.h

<<END RAW>>
[2025-05-10 15:59:27.444] R                                        void Program::readDirectory()            
<<START RAW>>
cpp\objects\MatchDublets.cpp

<<END RAW>>
[2025-05-10 15:59:27.446] R                                        void Program::readDirectory()            
<<START RAW>>
cpp\objects\MatchDublets.h

<<END RAW>>
[2025-05-10 15:59:27.447] R                                        void Program::readDirectory()            
<<START RAW>>
cpp\objects\MatchSingiels.cpp

<<END RAW>>
[2025-05-10 15:59:27.449] R                                        void Program::readDirectory()            
<<START RAW>>
cpp\objects\MatchSingiels.h

<<END RAW>>
[2025-05-10 15:59:27.450] R                                        void Program::readDirectory()            
<<START RAW>>
cpp\objects\MatchTriplets.cpp

<<END RAW>>
[2025-05-10 15:59:27.452] R                                        void Program::readDirectory()            
<<START RAW>>
cpp\objects\MatchTriplets.h

<<END RAW>>
[2025-05-10 15:59:27.453] R                                        void Program::readDirectory()            
<<START RAW>>
cpp\objects\MatchTypeBase.cpp

<<END RAW>>
[2025-05-10 15:59:27.455] R                                        void Program::readDirectory()            
<<START RAW>>
cpp\objects\MatchTypeBase.h

<<END RAW>>
[2025-05-10 15:59:27.457] R                                        void Program::readDirectory()            
<<START RAW>>
cpp\objects\Phase.cpp

<<END RAW>>
[2025-05-10 15:59:27.458] R                                        void Program::readDirectory()            
<<START RAW>>
cpp\objects\Phase.h

<<END RAW>>
[2025-05-10 15:59:27.459] R                                        void Program::readDirectory()            
<<START RAW>>
cpp\objects\Player.cpp

<<END RAW>>
[2025-05-10 15:59:27.460] R                                        void Program::readDirectory()            
<<START RAW>>
cpp\objects\Player.h

<<END RAW>>
[2025-05-10 15:59:27.461] R                                        void Program::readDirectory()            
<<START RAW>>
cpp\objects\Round.cpp

<<END RAW>>
[2025-05-10 15:59:27.462] R                                        void Program::readDirectory()            
<<START RAW>>
cpp\objects\Round.h

<<END RAW>>
[2025-05-10 15:59:27.463] R                                        void Program::readDirectory()            
<<START RAW>>
cpp\objects\SubPhase.cpp

<<END RAW>>
[2025-05-10 15:59:27.465] R                                        void Program::readDirectory()            
<<START RAW>>
cpp\objects\SubPhase.h

<<END RAW>>
[2025-05-10 15:59:27.466] R                                        void Program::readDirectory()            
<<START RAW>>
cpp\objects\Team.cpp

<<END RAW>>
[2025-05-10 15:59:27.467] R                                        void Program::readDirectory()            
<<START RAW>>
cpp\objects\Team.h

<<END RAW>>
[2025-05-10 15:59:27.469] R                                        void Program::readDirectory()            
<<START RAW>>
cpp\storages\Memory.cpp

<<END RAW>>
[2025-05-10 15:59:27.470] R                                        void Program::readDirectory()            
<<START RAW>>
cpp\storages\Memory.h

<<END RAW>>
[2025-05-10 15:59:28.344] I                            void Program::findRelationsBetweenFiles()            created relations between files
[2025-05-10 15:59:29.119] I                                        void Program::startGraphviz()            graphviz executed successfully
