[2025-05-10 16:04:00.797]---------------------------------------- [APPLICATION STARTED] ----------------------------------------
[2025-05-10 16:04:00.788] I                                                int main(int, char**)            started
[2025-05-10 16:04:00.797] I                        ReadStartupJson::ReadStartupJson(const char*)            using json file 'startup_qml.json' selected by user
[2025-05-10 16:04:00.812] I                     void ReadStartupJson::readVariables(const json&)            all keys readed correctly
[2025-05-10 16:04:00.818] I                        ReadStartupJson::ReadStartupJson(const char*)            startup json loaded
[2025-05-10 16:04:01.044] R                                        void Program::readDirectory()            
<<START RAW>>
Skipped files:

<<END RAW>>
[2025-05-10 16:04:01.045] R                                        void Program::readDirectory()            
<<START RAW>>
"*" - 2384

<<END RAW>>
[2025-05-10 16:04:01.045] R                                        void Program::readDirectory()            
<<START RAW>>
"*.7z" - 1

<<END RAW>>
[2025-05-10 16:04:01.046] R                                        void Program::readDirectory()            
<<START RAW>>
"*.bat" - 1

<<END RAW>>
[2025-05-10 16:04:01.047] R                                        void Program::readDirectory()            
<<START RAW>>
"*.cpp" - 31

<<END RAW>>
[2025-05-10 16:04:01.047] R                                        void Program::readDirectory()            
<<START RAW>>
"*.dll" - 62

<<END RAW>>
[2025-05-10 16:04:01.048] R                                        void Program::readDirectory()            
<<START RAW>>
"*.dot" - 1

<<END RAW>>
[2025-05-10 16:04:01.049] R                                        void Program::readDirectory()            
<<START RAW>>
"*.exe" - 37

<<END RAW>>
[2025-05-10 16:04:01.049] R                                        void Program::readDirectory()            
<<START RAW>>
"*.h" - 31

<<END RAW>>
[2025-05-10 16:04:01.050] R                                        void Program::readDirectory()            
<<START RAW>>
"*.idx" - 2

<<END RAW>>
[2025-05-10 16:04:01.051] R                                        void Program::readDirectory()            
<<START RAW>>
"*.json" - 3

<<END RAW>>
[2025-05-10 16:04:01.052] R                                        void Program::readDirectory()            
<<START RAW>>
"*.log" - 17

<<END RAW>>
[2025-05-10 16:04:01.053] R                                        void Program::readDirectory()            
<<START RAW>>
"*.md" - 1

<<END RAW>>
[2025-05-10 16:04:01.053] R                                        void Program::readDirectory()            
<<START RAW>>
"*.pack" - 2

<<END RAW>>
[2025-05-10 16:04:01.054] R                                        void Program::readDirectory()            
<<START RAW>>
"*.png" - 5

<<END RAW>>
[2025-05-10 16:04:01.055] R                                        void Program::readDirectory()            
<<START RAW>>
"*.psd" - 1

<<END RAW>>
[2025-05-10 16:04:01.055] R                                        void Program::readDirectory()            
<<START RAW>>
"*.rev" - 2

<<END RAW>>
[2025-05-10 16:04:01.056] R                                        void Program::readDirectory()            
<<START RAW>>
"*.sample" - 14

<<END RAW>>
[2025-05-10 16:04:01.057] R                                        void Program::readDirectory()            
<<START RAW>>
"*.sh" - 1

<<END RAW>>
[2025-05-10 16:04:01.058] R                                        void Program::readDirectory()            
<<START RAW>>
"*.txt" - 2

<<END RAW>>
[2025-05-10 16:04:01.060] R                                        void Program::readDirectory()            
<<START RAW>>
"*.user" - 1

<<END RAW>>
[2025-05-10 16:04:01.061] R                                        void Program::readDirectory()            
<<START RAW>>
"build/" - 1

<<END RAW>>
[2025-05-10 16:04:01.061] R                                        void Program::readDirectory()            
<<START RAW>>
Accepted files:

<<END RAW>>
[2025-05-10 16:04:01.062] R                                        void Program::readDirectory()            
<<START RAW>>
qml\AppAlreadyRunning.qml

<<END RAW>>
[2025-05-10 16:04:01.064] R                                        void Program::readDirectory()            
<<START RAW>>
qml\ErrorPage.qml

<<END RAW>>
[2025-05-10 16:04:01.065] R                                        void Program::readDirectory()            
<<START RAW>>
qml\Gameplay.qml

<<END RAW>>
[2025-05-10 16:04:01.066] R                                        void Program::readDirectory()            
<<START RAW>>
qml\LoginForm.qml

<<END RAW>>
[2025-05-10 16:04:01.067] R                                        void Program::readDirectory()            
<<START RAW>>
qml\Main.qml

<<END RAW>>
[2025-05-10 16:04:01.068] R                                        void Program::readDirectory()            
<<START RAW>>
qml\Gameplay\Configure.qml

<<END RAW>>
[2025-05-10 16:04:01.069] R                                        void Program::readDirectory()            
<<START RAW>>
qml\Gameplay\Finish.qml

<<END RAW>>
[2025-05-10 16:04:01.070] R                                        void Program::readDirectory()            
<<START RAW>>
qml\Gameplay\Play.qml

<<END RAW>>
[2025-05-10 16:04:01.072] R                                        void Program::readDirectory()            
<<START RAW>>
qml\Gameplay\Settings.qml

<<END RAW>>
[2025-05-10 16:04:01.073] R                                        void Program::readDirectory()            
<<START RAW>>
qml\Gameplay\Configure\Event.qml

<<END RAW>>
[2025-05-10 16:04:01.077] R                                        void Program::readDirectory()            
<<START RAW>>
qml\Gameplay\Configure\InfoField.qml

<<END RAW>>
[2025-05-10 16:04:01.079] R                                        void Program::readDirectory()            
<<START RAW>>
qml\Gameplay\Configure\Player.qml

<<END RAW>>
[2025-05-10 16:04:01.081] R                                        void Program::readDirectory()            
<<START RAW>>
qml\Gameplay\Configure\PlayerDelegate.qml

<<END RAW>>
[2025-05-10 16:04:01.083] R                                        void Program::readDirectory()            
<<START RAW>>
qml\Gameplay\Configure\Team.qml

<<END RAW>>
[2025-05-10 16:04:01.085] R                                        void Program::readDirectory()            
<<START RAW>>
qml\Gameplay\Configure\TeamDelegate.qml

<<END RAW>>
[2025-05-10 16:04:01.086] R                                        void Program::readDirectory()            
<<START RAW>>
qml\Gameplay\Configure\TeamsList.qml

<<END RAW>>
[2025-05-10 16:04:01.088] R                                        void Program::readDirectory()            
<<START RAW>>
qml\Gameplay\Play\Match.qml

<<END RAW>>
[2025-05-10 16:04:01.090] R                                        void Program::readDirectory()            
<<START RAW>>
qml\Gameplay\Play\Matches.qml

<<END RAW>>
[2025-05-10 16:04:01.093] R                                        void Program::readDirectory()            
<<START RAW>>
qml\Gameplay\Play\Phase.qml

<<END RAW>>
[2025-05-10 16:04:01.095] R                                        void Program::readDirectory()            
<<START RAW>>
qml\Gameplay\Play\RoundSummary.qml

<<END RAW>>
[2025-05-10 16:04:01.097] R                                        void Program::readDirectory()            
<<START RAW>>
qml\Gameplay\Play\SubPhase.qml

<<END RAW>>
[2025-05-10 16:04:01.099] R                                        void Program::readDirectory()            
<<START RAW>>
qml\Gameplay\Play\Match\GroupMatch.qml

<<END RAW>>
[2025-05-10 16:04:01.101] R                                        void Program::readDirectory()            
<<START RAW>>
qml\Gameplay\Play\Match\GroupSelection.qml

<<END RAW>>
[2025-05-10 16:04:01.103] R                                        void Program::readDirectory()            
<<START RAW>>
qml\Gameplay\Play\Match\MatchType\MatchHalf.qml

<<END RAW>>
[2025-05-10 16:04:01.105] R                                        void Program::readDirectory()            
<<START RAW>>
qml\Gameplay\Play\Match\MatchType\SelectionHalf.qml

<<END RAW>>
[2025-05-10 16:04:01.109] R                                        void Program::readDirectory()            
<<START RAW>>
qml\Gameplay\Play\RoundSummary\Ranking.qml

<<END RAW>>
[2025-05-10 16:04:01.111] R                                        void Program::readDirectory()            
<<START RAW>>
qml\Gameplay\Play\RoundSummary\Summary.qml

<<END RAW>>
[2025-05-10 16:04:01.114] R                                        void Program::readDirectory()            
<<START RAW>>
qml\Popups\AskPopup.qml

<<END RAW>>
[2025-05-10 16:04:01.115] R                                        void Program::readDirectory()            
<<START RAW>>
qml\Popups\ConfirmNextPopup.qml

<<END RAW>>
[2025-05-10 16:04:01.117] R                                        void Program::readDirectory()            
<<START RAW>>
qml\Popups\InfoPopup.qml

<<END RAW>>
[2025-05-10 16:04:01.123] I                            void Program::findRelationsBetweenFiles()            created relations between files
[2025-05-10 16:04:01.800] I                                        void Program::startGraphviz()            graphviz executed successfully
