[2025-05-10 16:59:22.382]---------------------------------------- [APPLICATION STARTED] ----------------------------------------
[2025-05-10 16:59:22.376] R                                                int main(int, char**)            
<<START RAW>>
Starting Application Code Files to Graph, version: 1.2.1

<<END RAW>>
[2025-05-10 16:59:22.383] I                        ReadStartupJson::ReadStartupJson(const char*)            using json file 'startup_cpp-trimmed.json' selected by user
[2025-05-10 16:59:22.391] I                     void ReadStartupJson::readVariables(const json&)            all keys readed correctly
[2025-05-10 16:59:22.397] I                        ReadStartupJson::ReadStartupJson(const char*)            startup json loaded
[2025-05-10 16:59:22.617] R                                        void Program::readDirectory()            
<<START RAW>>
Skipped files:

<<END RAW>>
[2025-05-10 16:59:22.619] R                                        void Program::readDirectory()            
<<START RAW>>
"*" - 2536

<<END RAW>>
[2025-05-10 16:59:22.619] R                                        void Program::readDirectory()            
<<START RAW>>
"*.7z" - 1

<<END RAW>>
[2025-05-10 16:59:22.620] R                                        void Program::readDirectory()            
<<START RAW>>
"*.bat" - 1

<<END RAW>>
[2025-05-10 16:59:22.621] R                                        void Program::readDirectory()            
<<START RAW>>
"*.dll" - 62

<<END RAW>>
[2025-05-10 16:59:22.621] R                                        void Program::readDirectory()            
<<START RAW>>
"*.dot" - 1

<<END RAW>>
[2025-05-10 16:59:22.622] R                                        void Program::readDirectory()            
<<START RAW>>
"*.exe" - 37

<<END RAW>>
[2025-05-10 16:59:22.623] R                                        void Program::readDirectory()            
<<START RAW>>
"*.idx" - 2

<<END RAW>>
[2025-05-10 16:59:22.623] R                                        void Program::readDirectory()            
<<START RAW>>
"*.json" - 3

<<END RAW>>
[2025-05-10 16:59:22.624] R                                        void Program::readDirectory()            
<<START RAW>>
"*.log" - 37

<<END RAW>>
[2025-05-10 16:59:22.625] R                                        void Program::readDirectory()            
<<START RAW>>
"*.md" - 1

<<END RAW>>
[2025-05-10 16:59:22.625] R                                        void Program::readDirectory()            
<<START RAW>>
"*.pack" - 2

<<END RAW>>
[2025-05-10 16:59:22.626] R                                        void Program::readDirectory()            
<<START RAW>>
"*.png" - 5

<<END RAW>>
[2025-05-10 16:59:22.627] R                                        void Program::readDirectory()            
<<START RAW>>
"*.psd" - 1

<<END RAW>>
[2025-05-10 16:59:22.627] R                                        void Program::readDirectory()            
<<START RAW>>
"*.qml" - 30

<<END RAW>>
[2025-05-10 16:59:22.628] R                                        void Program::readDirectory()            
<<START RAW>>
"*.rev" - 2

<<END RAW>>
[2025-05-10 16:59:22.629] R                                        void Program::readDirectory()            
<<START RAW>>
"*.sample" - 14

<<END RAW>>
[2025-05-10 16:59:22.630] R                                        void Program::readDirectory()            
<<START RAW>>
"*.sh" - 1

<<END RAW>>
[2025-05-10 16:59:22.630] R                                        void Program::readDirectory()            
<<START RAW>>
"*.txt" - 2

<<END RAW>>
[2025-05-10 16:59:22.631] R                                        void Program::readDirectory()            
<<START RAW>>
"*.user" - 1

<<END RAW>>
[2025-05-10 16:59:22.632] R                                        void Program::readDirectory()            
<<START RAW>>
"build/" - 1

<<END RAW>>
[2025-05-10 16:59:22.632] R                                        void Program::readDirectory()            
<<START RAW>>
"cpp\DebugConstraints.h" - 1

<<END RAW>>
[2025-05-10 16:59:22.634] R                                        void Program::readDirectory()            
<<START RAW>>
"cpp\Serializable.cpp" - 1

<<END RAW>>
[2025-05-10 16:59:22.635] R                                        void Program::readDirectory()            
<<START RAW>>
"cpp\Serializable.h" - 1

<<END RAW>>
[2025-05-10 16:59:22.637] R                                        void Program::readDirectory()            
<<START RAW>>
"cpp\enums/" - 1

<<END RAW>>
[2025-05-10 16:59:22.638] R                                        void Program::readDirectory()            
<<START RAW>>
"cpp\storages\DefaultPersonalizationData.cpp" - 1

<<END RAW>>
[2025-05-10 16:59:22.640] R                                        void Program::readDirectory()            
<<START RAW>>
"cpp\storages\DefaultPersonalizationData.h" - 1

<<END RAW>>
[2025-05-10 16:59:22.643] R                                        void Program::readDirectory()            
<<START RAW>>
"cpp\storages\Personalization.cpp" - 1

<<END RAW>>
[2025-05-10 16:59:22.645] R                                        void Program::readDirectory()            
<<START RAW>>
"cpp\storages\Personalization.h" - 1

<<END RAW>>
[2025-05-10 16:59:22.647] R                                        void Program::readDirectory()            
<<START RAW>>
"cpp\support/" - 1

<<END RAW>>
[2025-05-10 16:59:22.648] R                                        void Program::readDirectory()            
<<START RAW>>
Accepted files:

<<END RAW>>
[2025-05-10 16:59:22.649] R                                        void Program::readDirectory()            
<<START RAW>>
cpp\Backend.cpp

<<END RAW>>
[2025-05-10 16:59:22.650] R                                        void Program::readDirectory()            
<<START RAW>>
cpp\Backend.h

<<END RAW>>
[2025-05-10 16:59:22.651] R                                        void Program::readDirectory()            
<<START RAW>>
cpp\DoubleStartProtection.cpp

<<END RAW>>
[2025-05-10 16:59:22.652] R                                        void Program::readDirectory()            
<<START RAW>>
cpp\DoubleStartProtection.h

<<END RAW>>
[2025-05-10 16:59:22.654] R                                        void Program::readDirectory()            
<<START RAW>>
cpp\Login.cpp

<<END RAW>>
[2025-05-10 16:59:22.655] R                                        void Program::readDirectory()            
<<START RAW>>
cpp\Login.h

<<END RAW>>
[2025-05-10 16:59:22.655] R                                        void Program::readDirectory()            
<<START RAW>>
cpp\main.cpp

<<END RAW>>
[2025-05-10 16:59:22.656] R                                        void Program::readDirectory()            
<<START RAW>>
cpp\SingletonManager.cpp

<<END RAW>>
[2025-05-10 16:59:22.657] R                                        void Program::readDirectory()            
<<START RAW>>
cpp\SingletonManager.h

<<END RAW>>
[2025-05-10 16:59:22.658] R                                        void Program::readDirectory()            
<<START RAW>>
cpp\objects\Event.cpp

<<END RAW>>
[2025-05-10 16:59:22.660] R                                        void Program::readDirectory()            
<<START RAW>>
cpp\objects\Event.h

<<END RAW>>
[2025-05-10 16:59:22.661] R                                        void Program::readDirectory()            
<<START RAW>>
cpp\objects\GroupMatch.cpp

<<END RAW>>
[2025-05-10 16:59:22.662] R                                        void Program::readDirectory()            
<<START RAW>>
cpp\objects\GroupMatch.h

<<END RAW>>
[2025-05-10 16:59:22.664] R                                        void Program::readDirectory()            
<<START RAW>>
cpp\objects\GroupSelection.cpp

<<END RAW>>
[2025-05-10 16:59:22.665] R                                        void Program::readDirectory()            
<<START RAW>>
cpp\objects\GroupSelection.h

<<END RAW>>
[2025-05-10 16:59:22.667] R                                        void Program::readDirectory()            
<<START RAW>>
cpp\objects\Match.cpp

<<END RAW>>
[2025-05-10 16:59:22.668] R                                        void Program::readDirectory()            
<<START RAW>>
cpp\objects\Match.h

<<END RAW>>
[2025-05-10 16:59:22.669] R                                        void Program::readDirectory()            
<<START RAW>>
cpp\objects\MatchDublets.cpp

<<END RAW>>
[2025-05-10 16:59:22.671] R                                        void Program::readDirectory()            
<<START RAW>>
cpp\objects\MatchDublets.h

<<END RAW>>
[2025-05-10 16:59:22.672] R                                        void Program::readDirectory()            
<<START RAW>>
cpp\objects\MatchSingiels.cpp

<<END RAW>>
[2025-05-10 16:59:22.674] R                                        void Program::readDirectory()            
<<START RAW>>
cpp\objects\MatchSingiels.h

<<END RAW>>
[2025-05-10 16:59:22.675] R                                        void Program::readDirectory()            
<<START RAW>>
cpp\objects\MatchTriplets.cpp

<<END RAW>>
[2025-05-10 16:59:22.677] R                                        void Program::readDirectory()            
<<START RAW>>
cpp\objects\MatchTriplets.h

<<END RAW>>
[2025-05-10 16:59:22.678] R                                        void Program::readDirectory()            
<<START RAW>>
cpp\objects\MatchTypeBase.cpp

<<END RAW>>
[2025-05-10 16:59:22.681] R                                        void Program::readDirectory()            
<<START RAW>>
cpp\objects\MatchTypeBase.h

<<END RAW>>
[2025-05-10 16:59:22.682] R                                        void Program::readDirectory()            
<<START RAW>>
cpp\objects\Phase.cpp

<<END RAW>>
[2025-05-10 16:59:22.683] R                                        void Program::readDirectory()            
<<START RAW>>
cpp\objects\Phase.h

<<END RAW>>
[2025-05-10 16:59:22.685] R                                        void Program::readDirectory()            
<<START RAW>>
cpp\objects\Player.cpp

<<END RAW>>
[2025-05-10 16:59:22.686] R                                        void Program::readDirectory()            
<<START RAW>>
cpp\objects\Player.h

<<END RAW>>
[2025-05-10 16:59:22.687] R                                        void Program::readDirectory()            
<<START RAW>>
cpp\objects\Round.cpp

<<END RAW>>
[2025-05-10 16:59:22.688] R                                        void Program::readDirectory()            
<<START RAW>>
cpp\objects\Round.h

<<END RAW>>
[2025-05-10 16:59:22.689] R                                        void Program::readDirectory()            
<<START RAW>>
cpp\objects\SubPhase.cpp

<<END RAW>>
[2025-05-10 16:59:22.691] R                                        void Program::readDirectory()            
<<START RAW>>
cpp\objects\SubPhase.h

<<END RAW>>
[2025-05-10 16:59:22.692] R                                        void Program::readDirectory()            
<<START RAW>>
cpp\objects\Team.cpp

<<END RAW>>
[2025-05-10 16:59:22.693] R                                        void Program::readDirectory()            
<<START RAW>>
cpp\objects\Team.h

<<END RAW>>
[2025-05-10 16:59:22.694] R                                        void Program::readDirectory()            
<<START RAW>>
cpp\storages\Memory.cpp

<<END RAW>>
[2025-05-10 16:59:22.695] R                                        void Program::readDirectory()            
<<START RAW>>
cpp\storages\Memory.h

<<END RAW>>
[2025-05-10 16:59:22.711] I                            void Program::findRelationsBetweenFiles()            created relations between files
[2025-05-10 16:59:23.273] I                                        void Program::startGraphviz()            graphviz executed successfully
