[2025-05-10 16:07:27.701]---------------------------------------- [APPLICATION STARTED] ----------------------------------------
[2025-05-10 16:07:27.692] I                                                int main(int, char**)            started
[2025-05-10 16:07:27.701] I                        ReadStartupJson::ReadStartupJson(const char*)            using json file 'graphCreator\startup_qml.json' selected by user
[2025-05-10 16:07:27.709] I                     void ReadStartupJson::readVariables(const json&)            all keys readed correctly
[2025-05-10 16:07:27.715] I                        ReadStartupJson::ReadStartupJson(const char*)            startup json loaded
[2025-05-10 16:07:27.922] R                                        void Program::readDirectory()            
<<START RAW>>
Skipped files:

<<END RAW>>
[2025-05-10 16:07:27.923] R                                        void Program::readDirectory()            
<<START RAW>>
"*" - 2384

<<END RAW>>
[2025-05-10 16:07:27.924] R                                        void Program::readDirectory()            
<<START RAW>>
"*.7z" - 1

<<END RAW>>
[2025-05-10 16:07:27.925] R                                        void Program::readDirectory()            
<<START RAW>>
"*.bat" - 1

<<END RAW>>
[2025-05-10 16:07:27.925] R                                        void Program::readDirectory()            
<<START RAW>>
"*.cpp" - 31

<<END RAW>>
[2025-05-10 16:07:27.926] R                                        void Program::readDirectory()            
<<START RAW>>
"*.dll" - 62

<<END RAW>>
[2025-05-10 16:07:27.927] R                                        void Program::readDirectory()            
<<START RAW>>
"*.dot" - 1

<<END RAW>>
[2025-05-10 16:07:27.927] R                                        void Program::readDirectory()            
<<START RAW>>
"*.exe" - 37

<<END RAW>>
[2025-05-10 16:07:27.928] R                                        void Program::readDirectory()            
<<START RAW>>
"*.h" - 31

<<END RAW>>
[2025-05-10 16:07:27.929] R                                        void Program::readDirectory()            
<<START RAW>>
"*.idx" - 2

<<END RAW>>
[2025-05-10 16:07:27.930] R                                        void Program::readDirectory()            
<<START RAW>>
"*.json" - 3

<<END RAW>>
[2025-05-10 16:07:27.931] R                                        void Program::readDirectory()            
<<START RAW>>
"*.log" - 23

<<END RAW>>
[2025-05-10 16:07:27.932] R                                        void Program::readDirectory()            
<<START RAW>>
"*.md" - 1

<<END RAW>>
[2025-05-10 16:07:27.932] R                                        void Program::readDirectory()            
<<START RAW>>
"*.pack" - 2

<<END RAW>>
[2025-05-10 16:07:27.933] R                                        void Program::readDirectory()            
<<START RAW>>
"*.png" - 5

<<END RAW>>
[2025-05-10 16:07:27.933] R                                        void Program::readDirectory()            
<<START RAW>>
"*.psd" - 1

<<END RAW>>
[2025-05-10 16:07:27.934] R                                        void Program::readDirectory()            
<<START RAW>>
"*.rev" - 2

<<END RAW>>
[2025-05-10 16:07:27.935] R                                        void Program::readDirectory()            
<<START RAW>>
"*.sample" - 14

<<END RAW>>
[2025-05-10 16:07:27.936] R                                        void Program::readDirectory()            
<<START RAW>>
"*.sh" - 1

<<END RAW>>
[2025-05-10 16:07:27.936] R                                        void Program::readDirectory()            
<<START RAW>>
"*.txt" - 2

<<END RAW>>
[2025-05-10 16:07:27.937] R                                        void Program::readDirectory()            
<<START RAW>>
"*.user" - 1

<<END RAW>>
[2025-05-10 16:07:27.937] R                                        void Program::readDirectory()            
<<START RAW>>
"build/" - 1

<<END RAW>>
[2025-05-10 16:07:27.938] R                                        void Program::readDirectory()            
<<START RAW>>
Accepted files:

<<END RAW>>
[2025-05-10 16:07:27.939] R                                        void Program::readDirectory()            
<<START RAW>>
qml\AppAlreadyRunning.qml

<<END RAW>>
[2025-05-10 16:07:27.940] R                                        void Program::readDirectory()            
<<START RAW>>
qml\ErrorPage.qml

<<END RAW>>
[2025-05-10 16:07:27.941] R                                        void Program::readDirectory()            
<<START RAW>>
qml\Gameplay.qml

<<END RAW>>
[2025-05-10 16:07:27.942] R                                        void Program::readDirectory()            
<<START RAW>>
qml\LoginForm.qml

<<END RAW>>
[2025-05-10 16:07:27.943] R                                        void Program::readDirectory()            
<<START RAW>>
qml\Main.qml

<<END RAW>>
[2025-05-10 16:07:27.944] R                                        void Program::readDirectory()            
<<START RAW>>
qml\Gameplay\Configure.qml

<<END RAW>>
[2025-05-10 16:07:27.945] R                                        void Program::readDirectory()            
<<START RAW>>
qml\Gameplay\Finish.qml

<<END RAW>>
[2025-05-10 16:07:27.946] R                                        void Program::readDirectory()            
<<START RAW>>
qml\Gameplay\Play.qml

<<END RAW>>
[2025-05-10 16:07:27.948] R                                        void Program::readDirectory()            
<<START RAW>>
qml\Gameplay\Settings.qml

<<END RAW>>
[2025-05-10 16:07:27.949] R                                        void Program::readDirectory()            
<<START RAW>>
qml\Gameplay\Configure\Event.qml

<<END RAW>>
[2025-05-10 16:07:27.951] R                                        void Program::readDirectory()            
<<START RAW>>
qml\Gameplay\Configure\InfoField.qml

<<END RAW>>
[2025-05-10 16:07:27.953] R                                        void Program::readDirectory()            
<<START RAW>>
qml\Gameplay\Configure\Player.qml

<<END RAW>>
[2025-05-10 16:07:27.954] R                                        void Program::readDirectory()            
<<START RAW>>
qml\Gameplay\Configure\PlayerDelegate.qml

<<END RAW>>
[2025-05-10 16:07:27.956] R                                        void Program::readDirectory()            
<<START RAW>>
qml\Gameplay\Configure\Team.qml

<<END RAW>>
[2025-05-10 16:07:27.958] R                                        void Program::readDirectory()            
<<START RAW>>
qml\Gameplay\Configure\TeamDelegate.qml

<<END RAW>>
[2025-05-10 16:07:27.960] R                                        void Program::readDirectory()            
<<START RAW>>
qml\Gameplay\Configure\TeamsList.qml

<<END RAW>>
[2025-05-10 16:07:27.961] R                                        void Program::readDirectory()            
<<START RAW>>
qml\Gameplay\Play\Match.qml

<<END RAW>>
[2025-05-10 16:07:27.963] R                                        void Program::readDirectory()            
<<START RAW>>
qml\Gameplay\Play\Matches.qml

<<END RAW>>
[2025-05-10 16:07:27.966] R                                        void Program::readDirectory()            
<<START RAW>>
qml\Gameplay\Play\Phase.qml

<<END RAW>>
[2025-05-10 16:07:27.967] R                                        void Program::readDirectory()            
<<START RAW>>
qml\Gameplay\Play\RoundSummary.qml

<<END RAW>>
[2025-05-10 16:07:27.969] R                                        void Program::readDirectory()            
<<START RAW>>
qml\Gameplay\Play\SubPhase.qml

<<END RAW>>
[2025-05-10 16:07:27.971] R                                        void Program::readDirectory()            
<<START RAW>>
qml\Gameplay\Play\Match\GroupMatch.qml

<<END RAW>>
[2025-05-10 16:07:27.972] R                                        void Program::readDirectory()            
<<START RAW>>
qml\Gameplay\Play\Match\GroupSelection.qml

<<END RAW>>
[2025-05-10 16:07:27.975] R                                        void Program::readDirectory()            
<<START RAW>>
qml\Gameplay\Play\Match\MatchType\MatchHalf.qml

<<END RAW>>
[2025-05-10 16:07:27.977] R                                        void Program::readDirectory()            
<<START RAW>>
qml\Gameplay\Play\Match\MatchType\SelectionHalf.qml

<<END RAW>>
[2025-05-10 16:07:27.980] R                                        void Program::readDirectory()            
<<START RAW>>
qml\Gameplay\Play\RoundSummary\Ranking.qml

<<END RAW>>
[2025-05-10 16:07:27.983] R                                        void Program::readDirectory()            
<<START RAW>>
qml\Gameplay\Play\RoundSummary\Summary.qml

<<END RAW>>
[2025-05-10 16:07:27.985] R                                        void Program::readDirectory()            
<<START RAW>>
qml\Popups\AskPopup.qml

<<END RAW>>
[2025-05-10 16:07:27.986] R                                        void Program::readDirectory()            
<<START RAW>>
qml\Popups\ConfirmNextPopup.qml

<<END RAW>>
[2025-05-10 16:07:27.988] R                                        void Program::readDirectory()            
<<START RAW>>
qml\Popups\InfoPopup.qml

<<END RAW>>
[2025-05-10 16:07:27.995] I                            void Program::findRelationsBetweenFiles()            created relations between files
[2025-05-10 16:07:28.018] E ### ###                                void Program::startGraphviz()            failed while starting graphviz with command: ".\Graphviz\Graphviz-12.2.1-win64\bin\dot.exe -Tpng .\graph_source.dot -o .\PetanqueTeamQML.png"
